2026-01-11 14:01:13,228 63851 INFO WWWW odoo.addons.base.models.ir_http: Generating routing map for key 1 
2026-01-11 14:01:13,272 63851 INFO WWWW odoo.addons.base.models.ir_module: ALLOW access to module.button_immediate_upgrade on ['Mews Sanal POS Entegrasyonu'] to user omerkina@hotmail.com #2 via 172.69.251.186 
2026-01-11 14:01:13,274 63851 INFO WWWW odoo.addons.base.models.ir_module: ALLOW access to module.button_upgrade on ['Mews Sanal POS Entegrasyonu'] to user omerkina@hotmail.com #2 via 172.69.251.186 
2026-01-11 14:01:13,274 63851 INFO WWWW odoo.addons.base.models.ir_module: ALLOW access to module.update_list on ['Mews Sanal POS Entegrasyonu'] to user omerkina@hotmail.com #2 via 172.69.251.186 
2026-01-11 14:01:13,720 63851 WARNING WWWW odoo.modules.module: Missing `author` key in manifest for 'barcode_product_import', defaulting to '' 
2026-01-11 14:01:13,720 63851 WARNING WWWW odoo.modules.module: Missing `license` key in manifest for 'barcode_product_import', defaulting to LGPL-3 
2026-01-11 14:01:13,904 63851 WARNING WWWW odoo.modules.module: Missing `author` key in manifest for 'jewellery_management', defaulting to '' 
2026-01-11 14:01:14,582 63851 WARNING WWWW odoo.modules.module: Missing `author` key in manifest for 'l10n_tr_n11faturam', defaulting to '' 
2026-01-11 14:01:14,711 63851 WARNING WWWW odoo.modules.module: Missing `author` key in manifest for 'n11_efatura', defaulting to '' 
2026-01-11 14:01:14,712 63851 WARNING WWWW odoo.modules.module: Missing `author` key in manifest for 'omer_extra', defaulting to '' 
2026-01-11 14:01:14,712 63851 WARNING WWWW odoo.modules.module: Missing `license` key in manifest for 'omer_extra', defaulting to LGPL-3 
2026-01-11 14:01:14,816 63851 WARNING WWWW odoo.modules.module: Missing `author` key in manifest for 'product_import_by_barcode', defaulting to '' 
2026-01-11 14:01:14,817 63851 WARNING WWWW odoo.modules.module: Missing `author` key in manifest for 'product_import_by_code', defaulting to '' 
2026-01-11 14:01:14,863 63851 WARNING WWWW odoo.modules.module: Missing `author` key in manifest for 'redirect_shop_to_homepage', defaulting to '' 
2026-01-11 14:01:15,204 63851 INFO WWWW odoo.addons.base.models.ir_module: ALLOW access to module.button_install on [] to user omerkina@hotmail.com #2 via 172.69.251.186 
2026-01-11 14:01:15,241 63851 INFO WWWW odoo.modules.loading: loading 1 modules... 
2026-01-11 14:01:15,244 63851 INFO WWWW odoo.modules.loading: 1 modules loaded in 0.00s, 0 queries (+0 extra) 
2026-01-11 14:01:15,264 63851 INFO WWWW odoo.modules.loading: updating modules list 
2026-01-11 14:01:15,264 63851 INFO WWWW odoo.addons.base.models.ir_module: ALLOW access to module.update_list on [] to user __system__ #1 via 172.69.251.186 
2026-01-11 14:01:15,584 63851 WARNING WWWW odoo.modules.module: Missing `author` key in manifest for 'barcode_product_import', defaulting to '' 
2026-01-11 14:01:15,585 63851 WARNING WWWW odoo.modules.module: Missing `license` key in manifest for 'barcode_product_import', defaulting to LGPL-3 
2026-01-11 14:01:15,784 63851 WARNING WWWW odoo.modules.module: Missing `author` key in manifest for 'jewellery_management', defaulting to '' 
2026-01-11 14:01:16,446 63851 WARNING WWWW odoo.modules.module: Missing `author` key in manifest for 'l10n_tr_n11faturam', defaulting to '' 
2026-01-11 14:01:16,567 63851 WARNING WWWW odoo.modules.module: Missing `author` key in manifest for 'n11_efatura', defaulting to '' 
2026-01-11 14:01:16,568 63851 WARNING WWWW odoo.modules.module: Missing `author` key in manifest for 'omer_extra', defaulting to '' 
2026-01-11 14:01:16,568 63851 WARNING WWWW odoo.modules.module: Missing `license` key in manifest for 'omer_extra', defaulting to LGPL-3 
2026-01-11 14:01:16,658 63851 WARNING WWWW odoo.modules.module: Missing `author` key in manifest for 'product_import_by_barcode', defaulting to '' 
2026-01-11 14:01:16,659 63851 WARNING WWWW odoo.modules.module: Missing `author` key in manifest for 'product_import_by_code', defaulting to '' 
2026-01-11 14:01:16,708 63851 WARNING WWWW odoo.modules.module: Missing `author` key in manifest for 'redirect_shop_to_homepage', defaulting to '' 
2026-01-11 14:01:17,072 63851 INFO WWWW odoo.modules.loading: loading 143 modules... 
2026-01-11 14:01:17,121 63851 INFO WWWW odoo.modules.loading: Loading module mews_pos (135/143) 
2026-01-11 14:01:17,327 63851 WARNING WWWW odoo.registry: Model attribute '_sql_constraints' is no longer supported, please define model.Constraint on the model. 
2026-01-11 14:01:17,328 63851 WARNING WWWW odoo.registry: Model attribute '_sql_constraints' is no longer supported, please define model.Constraint on the model. 
2026-01-11 14:01:17,328 63851 WARNING WWWW odoo.registry: Model attribute '_sql_constraints' is no longer supported, please define model.Constraint on the model. 
2026-01-11 14:01:17,350 63851 WARNING WWWW odoo.fields: Field mews.pos.transaction.state: unknown parameter 'tracking', if this is an actual parameter you may want to override the method _valid_field_parameter on the relevant model in order to allow it 
2026-01-11 14:01:17,358 63851 INFO WWWW odoo.registry: module mews_pos: creating or updating database tables 
2026-01-11 14:01:17,507 63851 INFO WWWW odoo.modules.loading: loading mews_pos/security/ir.model.access.csv 
2026-01-11 14:01:17,524 63851 INFO WWWW odoo.modules.loading: loading mews_pos/views/payment_provider_views.xml 
2026-01-11 14:01:17,605 63851 INFO WWWW odoo.modules.loading: loading mews_pos/views/product_public_category_views.xml 
2026-01-11 14:01:17,620 63851 INFO WWWW odoo.modules.loading: loading mews_pos/views/product_template_views.xml 
2026-01-11 14:01:17,675 63851 INFO WWWW odoo.modules.loading: loading mews_pos/views/installment_views.xml 
2026-01-11 14:01:17,705 63851 INFO WWWW odoo.modules.loading: loading mews_pos/views/templates.xml 
2026-01-11 14:01:17,734 63851 WARNING WWWW odoo.modules.loading: Transient module states were reset 
2026-01-11 14:01:17,735 63851 ERROR WWWW odoo.registry: Failed to load registry 
2026-01-11 14:01:17,737 63851 INFO WWWW odoo.modules.loading: loading 1 modules... 
2026-01-11 14:01:17,741 63851 INFO WWWW odoo.modules.loading: 1 modules loaded in 0.00s, 0 queries (+0 extra) 
2026-01-11 14:01:17,743 63851 INFO WWWW odoo.modules.loading: loading 143 modules... 
2026-01-11 14:01:17,784 63851 WARNING WWWW odoo.registry: Model attribute '_sql_constraints' is no longer supported, please define model.Constraint on the model. 
2026-01-11 14:01:17,785 63851 WARNING WWWW odoo.registry: Model attribute '_sql_constraints' is no longer supported, please define model.Constraint on the model. 
2026-01-11 14:01:17,785 63851 WARNING WWWW odoo.registry: Model attribute '_sql_constraints' is no longer supported, please define model.Constraint on the model. 
2026-01-11 14:01:17,786 63851 INFO WWWW odoo.modules.loading: 143 modules loaded in 0.04s, 0 queries (+0 extra) 
2026-01-11 14:01:17,928 63851 WARNING WWWW odoo.fields: Field mews.pos.transaction.state: unknown parameter 'tracking', if this is an actual parameter you may want to override the method _valid_field_parameter on the relevant model in order to allow it 
2026-01-11 14:01:17,969 63851 INFO WWWW odoo.modules.loading: Modules loaded. 
2026-01-11 14:01:17,996 63851 INFO WWWW odoo.registry: Registry loaded in 0.261s 
2026-01-11 14:01:17,998 63851 ERROR WWWW odoo.http: Exception during request handling. 
Traceback (most recent call last):
  File "/opt/odoo19/odoo/http.py", line 2802, in __call__
    response = request._serve_db()
               ^^^^^^^^^^^^^^^^^^^
  File "/opt/odoo19/odoo/http.py", line 2277, in _serve_db
    raise self._update_served_exception(exc)
  File "/opt/odoo19/odoo/http.py", line 2275, in _serve_db
    return service_model.retrying(serve_func, env=self.env)
           ^^^^^^^^^^^^^^^^^^^^^^^^^^^^^^^^^^^^^^^^^^^^^^^^
  File "/opt/odoo19/odoo/service/model.py", line 184, in retrying
    result = func()
             ^^^^^^
  File "/opt/odoo19/odoo/http.py", line 2330, in _serve_ir_http
    response = self.dispatcher.dispatch(rule.endpoint, args)
               ^^^^^^^^^^^^^^^^^^^^^^^^^^^^^^^^^^^^^^^^^^^^^
  File "/opt/odoo19/odoo/http.py", line 2545, in dispatch
    result = self.request.registry['ir.http']._dispatch(endpoint)
             ^^^^^^^^^^^^^^^^^^^^^^^^^^^^^^^^^^^^^^^^^^^^^^^^^^^^
  File "/opt/odoo19/odoo/addons/base/models/ir_http.py", line 355, in _dispatch
    result = endpoint(**request.params)
             ^^^^^^^^^^^^^^^^^^^^^^^^^^
  File "/opt/odoo19/odoo/http.py", line 788, in route_wrapper
    result = endpoint(self, *args, **params_ok)
             ^^^^^^^^^^^^^^^^^^^^^^^^^^^^^^^^^^
  File "/opt/odoo19/odoo/addons/web/controllers/dataset.py", line 38, in call_button
    action = call_kw(request.env[model], method, args, kwargs)
             ^^^^^^^^^^^^^^^^^^^^^^^^^^^^^^^^^^^^^^^^^^^^^^^^^
  File "/opt/odoo19/odoo/service/model.py", line 93, in call_kw
    result = method(recs, *args, **kwargs)
             ^^^^^^^^^^^^^^^^^^^^^^^^^^^^^
  File "/opt/odoo19/odoo/addons/base/models/ir_module.py", line 70, in check_and_log
    return method(self, *args, **kwargs)
           ^^^^^^^^^^^^^^^^^^^^^^^^^^^^^
  File "/opt/odoo19/odoo/addons/base/models/ir_module.py", line 683, in button_immediate_upgrade
    return self._button_immediate_function(self.env.registry[self._name].button_upgrade)
           ^^^^^^^^^^^^^^^^^^^^^^^^^^^^^^^^^^^^^^^^^^^^^^^^^^^^^^^^^^^^^^^^^^^^^^^^^^^^^
  File "/opt/odoo19/odoo/addons/base/models/ir_module.py", line 620, in _button_immediate_function
    registry = modules.registry.Registry.new(self.env.cr.dbname, update_module=True)
               ^^^^^^^^^^^^^^^^^^^^^^^^^^^^^^^^^^^^^^^^^^^^^^^^^^^^^^^^^^^^^^^^^^^^^
  File "/opt/odoo19/odoo/tools/func.py", line 88, in locked
    return func(inst, *args, **kwargs)
           ^^^^^^^^^^^^^^^^^^^^^^^^^^^
  File "/opt/odoo19/odoo/orm/registry.py", line 186, in new
    load_modules(
  File "/opt/odoo19/odoo/modules/loading.py", line 456, in load_modules
    load_module_graph(
  File "/opt/odoo19/odoo/modules/loading.py", line 216, in load_module_graph
    load_data(env, idref, mode, kind='data', package=package)
  File "/opt/odoo19/odoo/modules/loading.py", line 59, in load_data
    convert_file(env, package.name, filename, idref, mode, noupdate=kind == 'demo')
  File "/opt/odoo19/odoo/tools/convert.py", line 693, in convert_file
    convert_xml_import(env, module, fp, idref, mode, noupdate)
  File "/opt/odoo19/odoo/tools/convert.py", line 792, in convert_xml_import
    obj.parse(doc.getroot())
  File "/opt/odoo19/odoo/tools/convert.py", line 663, in parse
    self._tag_root(de)
  File "/opt/odoo19/odoo/tools/convert.py", line 616, in _tag_root
    raise ParseError(msg) from None  # Restart with "--log-handler odoo.tools.convert:DEBUG" for complete traceback
    ^^^^^^^^^^^^^^^^^^^^^^^^^^^^^^^
odoo.tools.convert.ParseError: while parsing None:80
Görünüm ayrıştırılırken veya doğrulanırken hata:

'<xpath expr="//div[@id=&#39;payment&#39;]">' öğesinin üst görünümünde bulunamıyor

View error context:
{'file': '/opt/odoo19_custom/mews_pos/views/templates.xml',
 'line': 1,
 'name': 'payment_form_with_installments',
 'view': ir.ui.view(3029,),
 'view.model': False,
 'view.parent': ir.ui.view(2103,),
 'xmlid': 'payment_form_with_installments'}

2026-01-11 14:01:18,000 63851 INFO WWWW werkzeug: 172.69.251.186 - - [11/Jan/2026 14:01:18] "POST /web/dataset/call_button/ir.module.module/button_immediate_upgrade#ir.module.module.button_immediate_upgrade HTTP/1.0" 200 - 6730 2.349 2.426
2026-01-11 14:01:20,005 63851 INFO WWWW odoo.addons.base.models.ir_http: Generating routing map for key 1 
2026-01-11 14:01:20,037 63851 INFO WWWW odoo.addons.base.models.res_device: User 2 inserts device log (8x1rUvdJEUxePbrSIBASnedGT4p2rtAroGy9BlvJK0) 
2026-01-11 14:01:20,049 63851 INFO WWWW werkzeug: 104.23.162.75 - - [11/Jan/2026 14:01:20] "GET /websocket?version=19.0-2 HTTP/1.0" 101 - 9 0.003 0.044
2026-01-11 14:01:20,123 63851 INFO WWWW werkzeug: 172.69.251.186 - - [11/Jan/2026 14:01:20] "POST /bus/has_missed_notifications HTTP/1.0" 200 - 3 0.001 0.004
